{"level":"info","time":"2025-08-20T17:38:33.265+0800","linenum":"D:/GoProject/gin-practice/cmd/main.go:21","msg":"测试日志","user":"nnmwqs"}
{"level":"info","time":"2025-08-27T17:09:50.076+0800","linenum":"G:/GoProject/gin-practice/cmd/main.go:48","msg":"正在关闭Server"}
{"level":"info","time":"2025-08-27T17:09:50.076+0800","linenum":"G:/GoProject/gin-practice/cmd/main.go:56","msg":"服务已退出!"}
{"level":"info","time":"2025-08-28T00:31:04.635+0800","linenum":"G:/GoProject/gin-practice/cmd/main.go:48","msg":"正在关闭Server"}
{"level":"info","time":"2025-08-28T00:31:04.635+0800","linenum":"G:/GoProject/gin-practice/cmd/main.go:56","msg":"服务已退出!"}
{"level":"info","time":"2025-08-28T10:39:40.791+0800","linenum":"G:/GoProject/gin-practice/cmd/main.go:48","msg":"正在关闭Server"}
{"level":"info","time":"2025-08-28T10:39:40.792+0800","linenum":"G:/GoProject/gin-practice/cmd/main.go:56","msg":"服务已退出!"}
{"level":"info","time":"2025-08-28T10:41:48.449+0800","linenum":"G:/GoProject/gin-practice/cmd/main.go:48","msg":"正在关闭Server"}
{"level":"info","time":"2025-08-28T10:41:48.450+0800","linenum":"G:/GoProject/gin-practice/cmd/main.go:56","msg":"服务已退出!"}
{"level":"info","time":"2025-08-30T00:40:02.929+0800","linenum":"G:/GoProject/gin-practice/cmd/main.go:48","msg":"正在关闭Server"}
{"level":"info","time":"2025-08-30T00:40:02.932+0800","linenum":"G:/GoProject/gin-practice/cmd/main.go:56","msg":"服务已退出!"}
{"level":"info","time":"2025-08-30T09:44:31.526+0800","linenum":"G:/GoProject/gin-practice/cmd/main.go:48","msg":"正在关闭Server"}
{"level":"info","time":"2025-08-30T09:44:31.529+0800","linenum":"G:/GoProject/gin-practice/cmd/main.go:56","msg":"服务已退出!"}
{"level":"info","time":"2025-08-30T09:49:48.342+0800","linenum":"G:/GoProject/gin-practice/cmd/main.go:48","msg":"正在关闭Server"}
{"level":"info","time":"2025-08-30T09:49:48.342+0800","linenum":"G:/GoProject/gin-practice/cmd/main.go:56","msg":"服务已退出!"}
{"level":"error","time":"2025-08-30T09:49:56.978+0800","linenum":"G:/GoProject/gin-practice/middleware/recovery.go:20","msg":"reflect: call of reflect.Value.Interface on zero Value"}
{"level":"info","time":"2025-08-30T09:53:11.059+0800","linenum":"G:/GoProject/gin-practice/cmd/main.go:48","msg":"正在关闭Server"}
{"level":"info","time":"2025-08-30T09:53:11.062+0800","linenum":"G:/GoProject/gin-practice/cmd/main.go:56","msg":"服务已退出!"}
{"level":"info","time":"2025-08-30T09:55:00.654+0800","linenum":"G:/GoProject/gin-practice/cmd/main.go:48","msg":"正在关闭Server"}
{"level":"info","time":"2025-08-30T09:55:00.654+0800","linenum":"G:/GoProject/gin-practice/cmd/main.go:56","msg":"服务已退出!"}
{"level":"info","time":"2025-08-30T09:56:43.567+0800","linenum":"G:/GoProject/gin-practice/cmd/main.go:48","msg":"正在关闭Server"}
{"level":"info","time":"2025-08-30T09:56:43.567+0800","linenum":"G:/GoProject/gin-practice/cmd/main.go:56","msg":"服务已退出!"}
{"level":"info","time":"2025-08-30T10:00:08.407+0800","linenum":"G:/GoProject/gin-practice/cmd/main.go:48","msg":"正在关闭Server"}
{"level":"info","time":"2025-08-30T10:00:08.407+0800","linenum":"G:/GoProject/gin-practice/cmd/main.go:56","msg":"服务已退出!"}
{"level":"info","time":"2025-08-30T10:01:11.462+0800","linenum":"G:/GoProject/gin-practice/cmd/main.go:48","msg":"正在关闭Server"}
{"level":"info","time":"2025-08-30T10:01:11.462+0800","linenum":"G:/GoProject/gin-practice/cmd/main.go:56","msg":"服务已退出!"}
{"level":"info","time":"2025-08-30T12:29:43.392+0800","linenum":"G:/GoProject/gin-practice/cmd/main.go:48","msg":"正在关闭Server"}
{"level":"info","time":"2025-08-30T12:29:43.395+0800","linenum":"G:/GoProject/gin-practice/cmd/main.go:56","msg":"服务已退出!"}
{"level":"info","time":"2025-08-30T13:43:12.707+0800","linenum":"G:/GoProject/gin-practice/cmd/main.go:48","msg":"正在关闭Server"}
{"level":"info","time":"2025-08-30T13:43:12.707+0800","linenum":"G:/GoProject/gin-practice/cmd/main.go:56","msg":"服务已退出!"}
{"level":"info","time":"2025-08-30T13:43:30.762+0800","linenum":"G:/GoProject/gin-practice/cmd/main.go:48","msg":"正在关闭Server"}
{"level":"info","time":"2025-08-30T13:43:30.762+0800","linenum":"G:/GoProject/gin-practice/cmd/main.go:56","msg":"服务已退出!"}
{"level":"error","time":"2025-08-30T13:44:33.768+0800","linenum":"G:/GoProject/gin-practice/middleware/token.go:15","msg":"token is malformed: token contains an invalid number of segments"}
{"level":"info","time":"2025-08-30T13:46:01.538+0800","linenum":"G:/GoProject/gin-practice/cmd/main.go:48","msg":"正在关闭Server"}
{"level":"info","time":"2025-08-30T13:46:01.538+0800","linenum":"G:/GoProject/gin-practice/cmd/main.go:56","msg":"服务已退出!"}
{"level":"error","time":"2025-08-30T13:46:09.271+0800","linenum":"G:/GoProject/gin-practice/middleware/token.go:14","msg":"token is malformed: token contains an invalid number of segments"}
{"level":"info","time":"2025-08-30T14:00:29.245+0800","linenum":"G:/GoProject/gin-practice/cmd/main.go:48","msg":"正在关闭Server"}
{"level":"info","time":"2025-08-30T14:00:29.245+0800","linenum":"G:/GoProject/gin-practice/cmd/main.go:56","msg":"服务已退出!"}
{"level":"info","time":"2025-08-30T14:01:14.611+0800","linenum":"G:/GoProject/gin-practice/cmd/main.go:48","msg":"正在关闭Server"}
{"level":"info","time":"2025-08-30T14:01:14.611+0800","linenum":"G:/GoProject/gin-practice/cmd/main.go:56","msg":"服务已退出!"}
{"level":"info","time":"2025-08-30T14:02:32.563+0800","linenum":"G:/GoProject/gin-practice/cmd/main.go:48","msg":"正在关闭Server"}
{"level":"info","time":"2025-08-30T14:02:32.564+0800","linenum":"G:/GoProject/gin-practice/cmd/main.go:56","msg":"服务已退出!"}
{"level":"info","time":"2025-08-30T14:02:46.859+0800","linenum":"G:/GoProject/gin-practice/cmd/main.go:48","msg":"正在关闭Server"}
{"level":"info","time":"2025-08-30T14:02:46.860+0800","linenum":"G:/GoProject/gin-practice/cmd/main.go:56","msg":"服务已退出!"}
{"level":"info","time":"2025-08-30T14:07:22.236+0800","linenum":"G:/GoProject/gin-practice/cmd/main.go:48","msg":"正在关闭Server"}
{"level":"info","time":"2025-08-30T14:07:22.237+0800","linenum":"G:/GoProject/gin-practice/cmd/main.go:56","msg":"服务已退出!"}
{"level":"info","time":"2025-08-30T14:08:35.037+0800","linenum":"G:/GoProject/gin-practice/cmd/main.go:48","msg":"正在关闭Server"}
{"level":"info","time":"2025-08-30T14:08:35.037+0800","linenum":"G:/GoProject/gin-practice/cmd/main.go:56","msg":"服务已退出!"}
{"level":"info","time":"2025-08-30T14:10:38.836+0800","linenum":"G:/GoProject/gin-practice/cmd/main.go:48","msg":"正在关闭Server"}
{"level":"info","time":"2025-08-30T14:10:38.836+0800","linenum":"G:/GoProject/gin-practice/cmd/main.go:56","msg":"服务已退出!"}
{"level":"info","time":"2025-08-30T14:13:26.869+0800","linenum":"G:/GoProject/gin-practice/cmd/main.go:48","msg":"正在关闭Server"}
{"level":"info","time":"2025-08-30T14:13:26.870+0800","linenum":"G:/GoProject/gin-practice/cmd/main.go:56","msg":"服务已退出!"}
{"level":"info","time":"2025-08-30T14:16:40.861+0800","linenum":"G:/GoProject/gin-practice/cmd/main.go:48","msg":"正在关闭Server"}
{"level":"info","time":"2025-08-30T14:16:40.861+0800","linenum":"G:/GoProject/gin-practice/cmd/main.go:56","msg":"服务已退出!"}
{"level":"info","time":"2025-08-30T14:16:55.118+0800","linenum":"G:/GoProject/gin-practice/cmd/main.go:48","msg":"正在关闭Server"}
{"level":"info","time":"2025-08-30T14:16:55.118+0800","linenum":"G:/GoProject/gin-practice/cmd/main.go:56","msg":"服务已退出!"}
{"level":"error","time":"2025-08-31T11:02:27.892+0800","linenum":"G:/GoProject/gin-practice/middleware/token.go:14","msg":"token is malformed: token contains an invalid number of segments"}
{"level":"error","time":"2025-08-31T11:04:14.866+0800","linenum":"G:/GoProject/gin-practice/middleware/token.go:14","msg":"token is malformed: token contains an invalid number of segments"}
{"level":"info","time":"2025-08-31T11:05:47.214+0800","linenum":"G:/GoProject/gin-practice/cmd/main.go:48","msg":"正在关闭Server"}
{"level":"info","time":"2025-08-31T11:05:47.214+0800","linenum":"G:/GoProject/gin-practice/cmd/main.go:56","msg":"服务已退出!"}
{"level":"error","time":"2025-08-31T11:05:58.227+0800","linenum":"G:/GoProject/gin-practice/middleware/token.go:14","msg":"token is malformed: token contains an invalid number of segments"}
{"level":"error","time":"2025-08-31T11:06:09.229+0800","linenum":"G:/GoProject/gin-practice/middleware/token.go:14","msg":"token is malformed: token contains an invalid number of segments"}
{"level":"info","time":"2025-08-31T11:06:20.038+0800","linenum":"G:/GoProject/gin-practice/cmd/main.go:48","msg":"正在关闭Server"}
{"level":"info","time":"2025-08-31T11:06:20.038+0800","linenum":"G:/GoProject/gin-practice/cmd/main.go:56","msg":"服务已退出!"}
{"level":"info","time":"2025-08-31T11:06:58.663+0800","linenum":"G:/GoProject/gin-practice/cmd/main.go:48","msg":"正在关闭Server"}
{"level":"info","time":"2025-08-31T11:06:58.663+0800","linenum":"G:/GoProject/gin-practice/cmd/main.go:56","msg":"服务已退出!"}
{"level":"info","time":"2025-08-31T11:08:40.216+0800","linenum":"G:/GoProject/gin-practice/cmd/main.go:48","msg":"正在关闭Server"}
{"level":"info","time":"2025-08-31T11:08:40.217+0800","linenum":"G:/GoProject/gin-practice/cmd/main.go:56","msg":"服务已退出!"}
{"level":"info","time":"2025-08-31T11:16:51.872+0800","linenum":"G:/GoProject/gin-practice/cmd/main.go:48","msg":"正在关闭Server"}
{"level":"info","time":"2025-08-31T11:16:51.872+0800","linenum":"G:/GoProject/gin-practice/cmd/main.go:56","msg":"服务已退出!"}
{"level":"info","time":"2025-08-31T11:20:33.839+0800","linenum":"G:/GoProject/gin-practice/cmd/main.go:48","msg":"正在关闭Server"}
{"level":"info","time":"2025-08-31T11:20:33.839+0800","linenum":"G:/GoProject/gin-practice/cmd/main.go:56","msg":"服务已退出!"}
{"level":"info","time":"2025-08-31T11:22:36.480+0800","linenum":"G:/GoProject/gin-practice/cmd/main.go:48","msg":"正在关闭Server"}
{"level":"info","time":"2025-08-31T11:22:36.481+0800","linenum":"G:/GoProject/gin-practice/cmd/main.go:56","msg":"服务已退出!"}
{"level":"info","time":"2025-08-31T11:33:50.776+0800","linenum":"G:/GoProject/gin-practice/cmd/main.go:48","msg":"正在关闭Server"}
{"level":"info","time":"2025-08-31T11:33:50.777+0800","linenum":"G:/GoProject/gin-practice/cmd/main.go:56","msg":"服务已退出!"}
{"level":"info","time":"2025-08-31T11:43:14.417+0800","linenum":"G:/GoProject/gin-practice/cmd/main.go:48","msg":"正在关闭Server"}
{"level":"info","time":"2025-08-31T11:43:14.418+0800","linenum":"G:/GoProject/gin-practice/cmd/main.go:56","msg":"服务已退出!"}
{"level":"info","time":"2025-08-31T11:45:26.890+0800","linenum":"G:/GoProject/gin-practice/cmd/main.go:48","msg":"正在关闭Server"}
{"level":"info","time":"2025-08-31T11:45:26.890+0800","linenum":"G:/GoProject/gin-practice/cmd/main.go:56","msg":"服务已退出!"}
{"level":"info","time":"2025-08-31T11:50:37.452+0800","linenum":"G:/GoProject/gin-practice/cmd/main.go:48","msg":"正在关闭Server"}
{"level":"info","time":"2025-08-31T11:50:37.452+0800","linenum":"G:/GoProject/gin-practice/cmd/main.go:56","msg":"服务已退出!"}
{"level":"info","time":"2025-08-31T11:52:13.265+0800","linenum":"G:/GoProject/gin-practice/cmd/main.go:48","msg":"正在关闭Server"}
{"level":"info","time":"2025-08-31T11:52:13.265+0800","linenum":"G:/GoProject/gin-practice/cmd/main.go:56","msg":"服务已退出!"}
{"level":"error","time":"2025-08-31T11:52:19.634+0800","linenum":"G:/GoProject/gin-practice/middleware/token.go:15","msg":"token is malformed: token contains an invalid number of segments"}
{"level":"info","time":"2025-08-31T11:54:29.409+0800","linenum":"G:/GoProject/gin-practice/cmd/main.go:48","msg":"正在关闭Server"}
{"level":"info","time":"2025-08-31T11:54:29.409+0800","linenum":"G:/GoProject/gin-practice/cmd/main.go:56","msg":"服务已退出!"}
{"level":"info","time":"2025-08-31T12:16:32.659+0800","linenum":"G:/GoProject/gin-practice/cmd/main.go:48","msg":"正在关闭Server"}
{"level":"info","time":"2025-08-31T12:16:32.660+0800","linenum":"G:/GoProject/gin-practice/cmd/main.go:56","msg":"服务已退出!"}
{"level":"error","time":"2025-08-31T12:18:09.474+0800","linenum":"G:/GoProject/gin-practice/middleware/token.go:15","msg":"token has invalid claims: token is expired"}
{"level":"error","time":"2025-08-31T12:18:25.312+0800","linenum":"G:/GoProject/gin-practice/middleware/token.go:15","msg":"token has invalid claims: token is expired"}
{"level":"info","time":"2025-08-31T12:43:48.357+0800","linenum":"G:/GoProject/gin-practice/cmd/main.go:48","msg":"正在关闭Server"}
{"level":"info","time":"2025-08-31T12:43:48.357+0800","linenum":"G:/GoProject/gin-practice/cmd/main.go:56","msg":"服务已退出!"}
{"level":"info","time":"2025-08-31T12:45:03.227+0800","linenum":"G:/GoProject/gin-practice/cmd/main.go:48","msg":"正在关闭Server"}
{"level":"info","time":"2025-08-31T12:45:03.228+0800","linenum":"G:/GoProject/gin-practice/cmd/main.go:56","msg":"服务已退出!"}
